#
# There is insufficient memory for the Java Runtime Environment to continue.
# Native memory allocation (malloc) failed to allocate 1048576 bytes for AllocateHeap
# Possible reasons:
#   The system is out of physical RAM or swap space
#   The process is running with CompressedOops enabled, and the Java Heap may be blocking the growth of the native heap
# Possible solutions:
#   Reduce memory load on the system
#   Increase physical memory or swap space
#   Check if swap backing store is full
#   Decrease Java heap size (-Xmx/-Xms)
#   Decrease number of Java threads
#   Decrease Java thread stack sizes (-Xss)
#   Set larger code cache with -XX:ReservedCodeCacheSize=
# This output file may be truncated or incomplete.
#
#  Out of Memory Error (t:/workspace/open/src/hotspot/share/memory/allocation.cpp:45), pid=23240, tid=23524
#
# JRE version:  (13.0+33) (build )
# Java VM: Java HotSpot(TM) 64-Bit Server VM (13+33, mixed mode, aot, sharing, tiered, compressed oops, g1 gc, windows-amd64)
# No core dump will be written. Minidumps are not enabled by default on client versions of Windows
#

---------------  S U M M A R Y ------------

Command Line: -Dfile.encoding=GBK UI.MainFrame

Host: Intel(R) Core(TM) i5-9300H CPU @ 2.40GHz, 8 cores, 7G,  Windows 10 , 64 bit Build 18362 (10.0.18362.329)
Time: Fri Sep 27 17:14:58 2019 ?D1¨²¡À¨º¡Á?¨º¡À?? elapsed time: 0 seconds (0d 0h 0m 0s)

---------------  T H R E A D  ---------------

Current thread (0x000001ceee3fe000):  JavaThread "Unknown thread" [_thread_in_vm, id=23524, stack(0x0000001006500000,0x0000001006600000)]

Stack: [0x0000001006500000,0x0000001006600000]
Native frames: (J=compiled Java code, j=interpreted, Vv=VM code, C=native code)
V  [jvm.dll+0x626eaa]
V  [jvm.dll+0x772c4a]
V  [jvm.dll+0x7743ff]
V  [jvm.dll+0x774a03]
V  [jvm.dll+0x24da38]
V  [jvm.dll+0xbaa2f]
V  [jvm.dll+0x2ef4f3]
V  [jvm.dll+0x2e84d5]
V  [jvm.dll+0x74fcb8]
V  [jvm.dll+0x363719]
V  [jvm.dll+0x732da5]
V  [jvm.dll+0x3ce2cf]
V  [jvm.dll+0x3d05f1]
C  [jli.dll+0x51ff]
C  [ucrtbase.dll+0x1d9f2]
C  [KERNEL32.DLL+0x17bd4]
C  [ntdll.dll+0x6cee1]


---------------  P R O C E S S  ---------------

Threads class SMR info:
_java_thread_list=0x00007ffbdc4346b8, length=0, elements={
}

Java Threads: ( => current thread )

Other Threads:
  0x000001cef04ad800 GCTaskThread "GC Thread#0" [stack: 0x0000001006600000,0x0000001006700000] [id=24720]

[error occurred during error reporting (printing all threads), id 0xc0000005, EXCEPTION_ACCESS_VIOLATION (0xc0000005) at pc=0x00007ffbdbc63fd0]

VM state:not at safepoint (not fully initialized)

VM Mutex/Monitor currently owned by a thread:  ([mutex/lock_event])
[0x000001ceee3fbc90] Heap_lock - owner thread: 0x000001ceee3fe000

Heap address: 0x0000000082600000, size: 2010 MB, Compressed Oops mode: Non-zero based: 0x0000000082600000
Narrow klass base: 0x0000000000000000, Narrow klass shift: 0

GC Heap History (0 events):
No events

Deoptimization events (0 events):
No events

Classes unloaded (0 events):
No events

Classes redefined (0 events):
No events

Internal exceptions (0 events):
No events

Events (8 events):
Event: 0.010 Loaded shared library D:\Environment\Java\JDK13\bin\zip.dll
Event: 0.010 Loaded shared library D:\Environment\Java\JDK13\bin\jimage.dll
Event: 0.012 Loading shared library D:\Environment\Java\JDK13\lib\libjava.base-coop.dll failed, error code 126
Event: 0.012 Loading shared library D:\Environment\Java\JDK13\lib\libjava.logging-coop.dll failed, error code 126
Event: 0.012 Loading shared library D:\Environment\Java\JDK13\lib\libjdk.compiler-coop.dll failed, error code 126
Event: 0.012 Loading shared library D:\Environment\Java\JDK13\lib\libjdk.scripting.nashorn-coop.dll failed, error code 126
Event: 0.012 Loading shared library D:\Environment\Java\JDK13\lib\libjdk.internal.vm.ci-coop.dll failed, error code 126
Event: 0.012 Loading shared library D:\Environment\Java\JDK13\lib\libjdk.internal.vm.compiler-coop.dll failed, error code 126


Dynamic libraries:
0x00007ff742100000 - 0x00007ff74210f000 	D:\Environment\Java\JDK13\bin\javaw.exe
0x00007ffc211a0000 - 0x00007ffc21390000 	C:\windows\SYSTEM32\ntdll.dll
0x00007ffc20440000 - 0x00007ffc204f2000 	C:\windows\System32\KERNEL32.DLL
0x00007ffc1ec10000 - 0x00007ffc1eeb3000 	C:\windows\System32\KERNELBASE.dll
0x00007ffc1e160000 - 0x00007ffc1e25a000 	C:\windows\System32\ucrtbase.dll
0x00007ffbeef30000 - 0x00007ffbeef48000 	D:\Environment\Java\JDK13\bin\jli.dll
0x00007ffbeef50000 - 0x00007ffbeef65000 	D:\Environment\Java\JDK13\bin\VCRUNTIME140.dll
0x00007ffc1fa40000 - 0x00007ffc1fae3000 	C:\windows\System32\ADVAPI32.dll
0x00007ffc1f510000 - 0x00007ffc1f5ae000 	C:\windows\System32\msvcrt.dll
0x00007ffc20aa0000 - 0x00007ffc20b37000 	C:\windows\System32\sechost.dll
0x00007ffc20500000 - 0x00007ffc20620000 	C:\windows\System32\RPCRT4.dll
0x00007ffc1faf0000 - 0x00007ffc1fc83000 	C:\windows\System32\USER32.dll
0x00007ffc1f0b0000 - 0x00007ffc1f0d1000 	C:\windows\System32\win32u.dll
0x00007ffc1f250000 - 0x00007ffc1f276000 	C:\windows\System32\GDI32.dll
0x00007ffc0e510000 - 0x00007ffc0e795000 	C:\windows\WinSxS\amd64_microsoft.windows.common-controls_6595b64144ccf1df_6.0.18362.356_none_e6c4af7d130f27cc\COMCTL32.dll
0x00007ffc1eec0000 - 0x00007ffc1f054000 	C:\windows\System32\gdi32full.dll
0x00007ffc20620000 - 0x00007ffc20956000 	C:\windows\System32\combase.dll
0x00007ffc1e310000 - 0x00007ffc1e3ae000 	C:\windows\System32\msvcp_win.dll
0x00007ffc1eb90000 - 0x00007ffc1ec10000 	C:\windows\System32\bcryptPrimitives.dll
0x00007ffc149b0000 - 0x00007ffc149ba000 	C:\windows\SYSTEM32\VERSION.dll
0x00007ffc1f2e0000 - 0x00007ffc1f30e000 	C:\windows\System32\IMM32.DLL
0x00007ffbd4390000 - 0x00007ffbd442b000 	D:\Environment\Java\JDK13\bin\msvcp140.dll
0x00007ffbdb970000 - 0x00007ffbdc4d6000 	D:\Environment\Java\JDK13\bin\server\jvm.dll
0x00007ffc1f500000 - 0x00007ffc1f508000 	C:\windows\System32\PSAPI.DLL
0x00007ffc1b310000 - 0x00007ffc1b334000 	C:\windows\SYSTEM32\WINMM.dll
0x00007ffc16990000 - 0x00007ffc16999000 	C:\windows\SYSTEM32\WSOCK32.dll
0x00007ffc20a30000 - 0x00007ffc20a9f000 	C:\windows\System32\WS2_32.dll
0x00007ffc1b2e0000 - 0x00007ffc1b30d000 	C:\windows\SYSTEM32\winmmbase.dll
0x00007ffc1f060000 - 0x00007ffc1f0aa000 	C:\windows\System32\cfgmgr32.dll
0x00007ffc1e0c0000 - 0x00007ffc1e0d1000 	C:\windows\System32\kernel.appcore.dll
0x00007ffc11cd0000 - 0x00007ffc11ce0000 	D:\Environment\Java\JDK13\bin\verify.dll
0x00007ffc1c970000 - 0x00007ffc1cb64000 	C:\windows\SYSTEM32\DBGHELP.DLL
0x00007ffc05930000 - 0x00007ffc0595a000 	C:\windows\SYSTEM32\dbgcore.DLL
0x00007ffc054f0000 - 0x00007ffc05516000 	D:\Environment\Java\JDK13\bin\java.dll
0x00007ffc0ba70000 - 0x00007ffc0ba87000 	D:\Environment\Java\JDK13\bin\zip.dll
0x00007ffc100c0000 - 0x00007ffc100ca000 	D:\Environment\Java\JDK13\bin\jimage.dll

dbghelp: loaded successfully - version: 4.0.5 - missing functions: none
symbol engine: initialized successfully - sym options: 0x614 - pdb path: .;D:\Environment\Java\JDK13\bin;C:\windows\SYSTEM32;C:\windows\WinSxS\amd64_microsoft.windows.common-controls_6595b64144ccf1df_6.0.18362.356_none_e6c4af7d130f27cc;D:\Environment\Java\JDK13\bin\server

VM Arguments:
jvm_args: -Dfile.encoding=GBK 
java_command: UI.MainFrame
java_class_path (initial): C:\Users\WuJinPeng\eclipse\workspace1\VCD\bin
Launcher Type: SUN_STANDARD

[Global flags]
     intx CICompilerCount                          = 4                                         {product} {ergonomic}
     uint ConcGCThreads                            = 2                                         {product} {ergonomic}
     uint G1ConcRefinementThreads                  = 8                                         {product} {ergonomic}
   size_t G1HeapRegionSize                         = 1048576                                   {product} {ergonomic}
    uintx GCDrainStackTargetSize                   = 64                                        {product} {ergonomic}
   size_t InitialHeapSize                          = 132120576                                 {product} {ergonomic}
   size_t MarkStackSize                            = 4194304                                   {product} {ergonomic}
   size_t MaxHeapSize                              = 2107637760                                {product} {ergonomic}
   size_t MinHeapDeltaBytes                        = 1048576                                   {product} {ergonomic}
   size_t MinHeapSize                              = 8388608                                   {product} {ergonomic}
    uintx NonNMethodCodeHeapSize                   = 5836300                                {pd product} {ergonomic}
    uintx NonProfiledCodeHeapSize                  = 122910970                              {pd product} {ergonomic}
    uintx ProfiledCodeHeapSize                     = 122910970                              {pd product} {ergonomic}
    uintx ReservedCodeCacheSize                    = 251658240                              {pd product} {ergonomic}
     bool SegmentedCodeCache                       = true                                      {product} {ergonomic}
   size_t SoftMaxHeapSize                          = 2107637760                             {manageable} {ergonomic}
     bool UseCompressedClassPointers               = true                                 {lp64_product} {ergonomic}
     bool UseCompressedOops                        = true                                 {lp64_product} {ergonomic}
     bool UseG1GC                                  = true                                      {product} {ergonomic}
     bool UseLargePagesIndividualAllocation        = false                                  {pd product} {ergonomic}

Logging:
Log output configuration:
 #0: stdout all=warning uptime,level,tags
 #1: stderr all=off uptime,level,tags

Environment Variables:
JAVA_HOME=D:\Environment\Java\JDK13\
PATH=D:/Environment/Java/JDK13//bin/server;D:/Environment/Java/JDK13//bin;C:\Program Files (x86)\Common Files\Intel\Shared Libraries\redist\intel64_win\compiler;C:\windows\system32;C:\windows;C:\windows\System32\Wbem;C:\windows\System32\WindowsPowerShell\v1.0\;C:\windows\System32\OpenSSH\;C:\Program Files (x86)\NVIDIA Corporation\PhysX\Common;C:\Program Files\NVIDIA Corporation\NVIDIA NvDLISR;C:\Program Files\dotnet\;D:\Environment\Java\JDK13\\bin;D:\Environment\Java\JDK13\\jre\bin;D:\Environment\Java\abd;D:\Project\GitAbout\Git\cmd;C:\Program Files (x86)\Common Files\Intel\Shared Libraries\redist\intel64_win\compiler;C:\Users\WuJinPeng\AppData\Local\Microsoft\WindowsApps;;C:\Users\WuJinPeng\Desktop;
USERNAME=WuJinPeng
OS=Windows_NT
PROCESSOR_IDENTIFIER=Intel64 Family 6 Model 158 Stepping 10, GenuineIntel



---------------  S Y S T E M  ---------------

OS: Windows 10 , 64 bit Build 18362 (10.0.18362.329)

CPU:total 8 (initial active 8) (4 cores per cpu, 2 threads per core) family 6 model 158 stepping 10, cmov, cx8, fxsr, mmx, sse, sse2, sse3, ssse3, sse4.1, sse4.2, popcnt, avx, avx2, aes, clmul, erms, 3dnowpref, lzcnt, ht, tsc, tscinvbit, bmi1, bmi2, adx, fma

Memory: 4k page, system-wide physical 8033M (1196M free)
TotalPageFile size 32609M (AvailPageFile size 5M)
current process WorkingSet (physical memory assigned to process): 10M, peak: 10M
current process commit charge ("private bytes"): 52M, peak: 53M

vm_info: Java HotSpot(TM) 64-Bit Server VM (13+33) for windows-amd64 JRE (13+33), built on Sep 18 2019 21:38:00 by "mach5one" with unknown MS VC++:1916

END.
